<?xml version="1.0" encoding="UTF-8"?>
<Site BuildName="(empty)"
	BuildStamp="20210212-1143-Experimental"
	Name="ros-vm"
	Generator="ctest-3.16.3"
	CompilerName="/bin/g++-9"
	CompilerVersion="9.3.0"
	OSName="Linux"
	Hostname="ros-vm"
	OSRelease="5.8.0-41-generic"
	OSVersion="#46~20.04.1-Ubuntu SMP Mon Jan 18 17:52:23 UTC 2021"
	OSPlatform="x86_64"
	Is64Bits="1"
	VendorString="GenuineIntel"
	VendorID="Intel Corporation"
	FamilyID="6"
	ModelID="142"
	ProcessorCacheSize="8192"
	NumberOfLogicalCPU="4"
	NumberOfPhysicalCPU="4"
	TotalVirtualMemory="979"
	TotalPhysicalMemory="3906"
	LogicalProcessorsPerPhysical="1"
	ProcessorClockFrequency="1991.99"
	>
	<Testing>
		<StartDateTime>Feb 12 12:43 CET</StartDateTime>
		<StartTestTime>1613130238</StartTestTime>
		<TestList/>
		<EndDateTime>Feb 12 12:43 CET</EndDateTime>
		<EndTestTime>1613130238</EndTestTime>
		<ElapsedMinutes>0</ElapsedMinutes>
	</Testing>
</Site>
